<?xml version="1.0" encoding="UTF-8"?>
<testng-results ignored="0" total="1" passed="0" failed="1" skipped="0">
  <reporter-output>
  </reporter-output>
  <suite started-at="2024-04-15T10:19:14 ICT" name="Default suite" finished-at="2024-04-15T10:19:14 ICT" duration-ms="375">
    <groups>
      <group name="cucumber">
        <method signature="AbstractTestNGCucumberTests.runScenario(io.cucumber.testng.PickleWrapper,io.cucumber.testng.FeatureWrapper)[pri:0, instance:cumcumberOptions.TestNGRunner@60099951]" name="runScenario" class="io.cucumber.testng.AbstractTestNGCucumberTests"/>
      </group> <!-- cucumber -->
    </groups>
    <test started-at="2024-04-15T10:19:14 ICT" name="Default test" finished-at="2024-04-15T10:19:14 ICT" duration-ms="375">
      <class name="cumcumberOptions.TestNGRunner">
        <test-method is-config="true" signature="setUpClass(org.testng.ITestContext)[pri:0, instance:cumcumberOptions.TestNGRunner@60099951]" started-at="2024-04-15T10:19:14 ICT" name="setUpClass" finished-at="2024-04-15T10:19:14 ICT" duration-ms="213" status="PASS">
          <params>
            <param index="0">
              <value>
                <![CDATA[org.testng.TestRunner@7894f09b]]>
              </value>
            </param>
          </params>
          <reporter-output>
          </reporter-output>
        </test-method> <!-- setUpClass -->
        <test-method signature="runScenario(io.cucumber.testng.PickleWrapper,io.cucumber.testng.FeatureWrapper)[pri:0, instance:cumcumberOptions.TestNGRunner@60099951]" started-at="2024-04-15T10:19:14 ICT" name="runScenario" description="Runs Cucumber Scenarios" data-provider="scenarios" finished-at="2024-04-15T10:19:14 ICT" duration-ms="104" status="FAIL">
          <params>
            <param index="0">
              <value>
                <![CDATA["Title of your scenario"]]>
              </value>
            </param>
            <param index="1">
              <value>
                <![CDATA["Title of your feature"]]>
              </value>
            </param>
          </params>
          <exception class="io.cucumber.java.PendingException">
            <message>
              <![CDATA[TODO: implement me]]>
            </message>
            <full-stacktrace>
              <![CDATA[io.cucumber.java.PendingException: TODO: implement me
at StepDefinitions.StepDefinition.i_want_to_write_a_step_with_precondition(StepDefinition.java:12)
at ✽.I want to write a step with precondition(file:///D:/eclipseworkspace/project1/src/test/java/feature/func1.feature:7)
]]>
            </full-stacktrace>
          </exception> <!-- io.cucumber.java.PendingException -->
          <reporter-output>
          </reporter-output>
        </test-method> <!-- runScenario -->
        <test-method is-config="true" signature="tearDownClass()[pri:0, instance:cumcumberOptions.TestNGRunner@60099951]" started-at="2024-04-15T10:19:14 ICT" name="tearDownClass" finished-at="2024-04-15T10:19:14 ICT" duration-ms="4" status="PASS">
          <reporter-output>
          </reporter-output>
        </test-method> <!-- tearDownClass -->
      </class> <!-- cumcumberOptions.TestNGRunner -->
    </test> <!-- Default test -->
  </suite> <!-- Default suite -->
</testng-results>
